<?xml version="1.0" encoding="UTF-8"?>
<!-- Generated by org.testng.reporters.JUnitReportReporter -->
<testsuite hostname="DESKTOP-JOD22U2" name="testcases.TC004_DeleteLead" tests="1" failures="0" timestamp="14 Jan 2018 10:38:37 GMT" time="27.883" errors="0">
  <testcase name="deleteLead" time="27.883" classname="testcases.TC004_DeleteLead"/>
</testsuite> <!-- testcases.TC004_DeleteLead -->
