<?xml version="1.0" encoding="UTF-8"?>
<!-- Generated by org.testng.reporters.JUnitReportReporter -->
<testsuite hostname="DESKTOP-JOD22U2" name="testcases.TC007_MergeLead" tests="1" failures="0" timestamp="14 Jan 2018 10:37:54 GMT" time="32.435" errors="0">
  <testcase name="mergeLead" time="32.435" classname="testcases.TC007_MergeLead"/>
</testsuite> <!-- testcases.TC007_MergeLead -->
