<?xml version="1.0" encoding="UTF-8"?>
<!-- Generated by org.testng.reporters.JUnitReportReporter -->
<testsuite hostname="DESKTOP-JOD22U2" name="testcases.TC010_DeactivateContactPage" tests="1" failures="0" timestamp="24 Jan 2018 20:07:03 GMT" time="30.224" errors="0">
  <testcase name="deactivateContact" time="30.224" classname="testcases.TC010_DeactivateContactPage"/>
</testsuite> <!-- testcases.TC010_DeactivateContactPage -->
