<?xml version="1.0" encoding="UTF-8"?>
<!-- Generated by org.testng.reporters.JUnitReportReporter -->
<testsuite hostname="DESKTOP-JOD22U2" name="utils.ExcelDataProvider" tests="1" failures="0" timestamp="7 Jan 2018 15:31:23 GMT" time="0.651" errors="0">
  <testcase name="getData" time="0.651" classname="utils.ExcelDataProvider"/>
</testsuite> <!-- utils.ExcelDataProvider -->
