<?xml version="1.0" encoding="UTF-8"?>
<!-- Generated by org.testng.reporters.JUnitReportReporter -->
<testsuite hostname="DESKTOP-JOD22U2" name="testcases.TC006_EditLead" tests="1" failures="0" timestamp="14 Jan 2018 10:37:03 GMT" time="25.459" errors="0">
  <testcase name="editLead" time="25.459" classname="testcases.TC006_EditLead"/>
</testsuite> <!-- testcases.TC006_EditLead -->
