<?xml version="1.0" encoding="UTF-8"?>
<!-- Generated by org.testng.reporters.JUnitReportReporter -->
<testsuite hostname="DESKTOP-JOD22U2" name="testcases.TC009_EditContactsPage" tests="1" failures="0" timestamp="24 Jan 2018 18:48:26 GMT" time="29.109" errors="0">
  <testcase name="editContact" time="29.109" classname="testcases.TC009_EditContactsPage"/>
</testsuite> <!-- testcases.TC009_EditContactsPage -->
