<?xml version="1.0" encoding="UTF-8"?>
<!-- Generated by org.testng.reporters.JUnitReportReporter -->
<testsuite hostname="DESKTOP-JOD22U2" name="testcases.TC002_LoginNegative" tests="4" failures="0" timestamp="7 Jan 2018 17:30:48 GMT" time="40.356" errors="0">
  <testcase name="loginFail" time="10.069" classname="testcases.TC002_LoginNegative"/>
  <testcase name="loginFail" time="9.799" classname="testcases.TC002_LoginNegative"/>
  <testcase name="loginFail" time="10.179" classname="testcases.TC002_LoginNegative"/>
  <testcase name="loginFail" time="10.309" classname="testcases.TC002_LoginNegative"/>
</testsuite> <!-- testcases.TC002_LoginNegative -->
