<?xml version="1.0" encoding="UTF-8"?>
<!-- Generated by org.testng.reporters.JUnitReportReporter -->
<testsuite hostname="DESKTOP-JOD22U2" name="testcases.TC008_CreateContact" tests="1" failures="0" timestamp="23 Jan 2018 19:34:11 GMT" time="35.059" errors="0">
  <testcase name="createContact" time="35.059" classname="testcases.TC008_CreateContact"/>
</testsuite> <!-- testcases.TC008_CreateContact -->
