<?xml version="1.0" encoding="UTF-8"?>
<!-- Generated by org.testng.reporters.JUnitReportReporter -->
<testsuite hostname="DESKTOP-JOD22U2" name="testcases.TC005_DuplicateLead" tests="1" failures="0" timestamp="14 Jan 2018 10:36:11 GMT" time="26.416" errors="0">
  <testcase name="duplicateLead" time="26.416" classname="testcases.TC005_DuplicateLead"/>
</testsuite> <!-- testcases.TC005_DuplicateLead -->
