<?xml version="1.0" encoding="UTF-8"?>
<!-- Generated by org.testng.reporters.JUnitReportReporter -->
<testsuite hostname="DESKTOP-JOD22U2" name="testcases.TC003_CreateLead" tests="1" failures="0" timestamp="27 Jan 2018 07:49:08 GMT" time="44.282" errors="0">
  <testcase name="createLead" time="44.282" classname="testcases.TC003_CreateLead"/>
</testsuite> <!-- testcases.TC003_CreateLead -->
